descoberts.add("mates");
descoberts.add("alcohol");
descoberts.add("drama");
descoberts.add("salseo");
descoberts.add("cuqui");
descoberts.add("risas");
descoberts.add("ivetacosta");
descoberts.add("fme");
descoberts.add("novatos");
descoberts.add("birres");
descoberts.add("amor");
descoberts.add("festa");
descoberts.add("terrassa");
descoberts.add("samucapellas");
descoberts.add("potar");
descoberts.add("upc");
descoberts.add("profe");
descoberts.add("barsanjuan");
descoberts.add("lio");
descoberts.add("cfis");
descoberts.add("ressaca");
descoberts.add("dele");
descoberts.add("maripaz");
descoberts.add("examen");
descoberts.add("albertjimenez");
descoberts.add("gabrialujas");
descoberts.add("oriolbaeza");
descoberts.add("luisdelbar");
descoberts.add("sergiodelbar");
descoberts.add("rafahhajjar");
descoberts.add("sortida");
descoberts.add("pelea");
descoberts.add("recu");
descoberts.add("dunatomas");
descoberts.add("graf");
descoberts.add("abracada");
descoberts.add("guapo");
descoberts.add("dormir");
descoberts.add("erikferrando");
descoberts.add("segon");
descoberts.add("odi");
descoberts.add("einstein");
descoberts.add("numerica");
descoberts.add("tiracanyes");
descoberts.add("gespeta");
descoberts.add("foratalsostre");
descoberts.add("tercer");
descoberts.add("brisca");
descoberts.add("borde");
descoberts.add("elegant");
descoberts.add("rubendelbar");
descoberts.add("edusimon");
descoberts.add("laiapomar");
descoberts.add("frisbee");
descoberts.add("quart");
descoberts.add("secta");
descoberts.add("enaitzquilez");
descoberts.add("olgamartinez");
descoberts.add("porros");
descoberts.add("lauraarribas");
descoberts.add("irenecusine");
descoberts.add("marionasanchez");
descoberts.add("festadenadal");
descoberts.add("amaliasimon");
descoberts.add("zorra");
descoberts.add("albertgimo");
descoberts.add("esport");
descoberts.add("cinque");
descoberts.add("claudiarodes");
descoberts.add("patricorbera");
descoberts.add("victordeblas");
descoberts.add("picatrencada");
descoberts.add("perrofla");
descoberts.add("jordicondom");
descoberts.add("xino");
descoberts.add("gerardcontreras");
descoberts.add("premi");
descoberts.add("davidariza");
descoberts.add("cefme");
descoberts.add("nofestes");
descoberts.add("annafelip");
descoberts.add("mortissim");
descoberts.add("javilopezcontreras");
descoberts.add("heredia");
descoberts.add("roura");
descoberts.add("pichi");
descoberts.add("luissierra");
descoberts.add("jaumemarti");
descoberts.add("cubatada");
descoberts.add("pauredon");
descoberts.add("info");
descoberts.add("lamari");
descoberts.add("mariaprat");
descoberts.add("janafarran");
descoberts.add("jordicivit");
descoberts.add("carlotacorrales");
descoberts.add("martinacolas");
descoberts.add("verapujadas");
descoberts.add("carlotagracia");
descoberts.add("andreuhuguet");
descoberts.add("jordivila");
descoberts.add("maxruiz");
descoberts.add("edupena");
descoberts.add("danimunoz");
descoberts.add("edgarmoreno");
descoberts.add("silviagarcia");
descoberts.add("josepfontana");
descoberts.add("ainaazkargorta");
descoberts.add("perellorens");
descoberts.add("narciso");
descoberts.add("jocdalgorismia");
descoberts.add("novatorevelacio");
descoberts.add("edps");
descoberts.add("festadenovatos");
descoberts.add("festahawaiana");
descoberts.add("jaumefranch");
descoberts.add("festatropical");
descoberts.add("pibuti");
descoberts.add("merceolle");
descoberts.add("xaviercabre");
descoberts.add("leonsito");
descoberts.add("pacs");
descoberts.add("tonto");
descoberts.add("dades");
descoberts.add("dissenydesamarreta");
descoberts.add("inu");
descoberts.add("novatades");
descoberts.add("cadenaderoba");
descoberts.add("fmemes00");
descoberts.add("matematiksan0n1ms");
descoberts.add("memesfme");
descoberts.add("conjuntbuit");
descoberts.add("barja");
descoberts.add("np");
descoberts.add("iaio");
descoberts.add("teatrefme");
descoberts.add("festadecarnaval");
descoberts.add("palomo");
descoberts.add("caramotxo");
descoberts.add("ferranlopez");
descoberts.add("jofrecosta");
descoberts.add("amandasanjuan");
descoberts.add("lavabocfis");
descoberts.add("bikinada");
descoberts.add("festagran");
descoberts.add("estadistics");
descoberts.add("senyorgrane");
descoberts.add("cobra");
descoberts.add("ericvalls");
descoberts.add("k9");
descoberts.add("rosa");
descoberts.add("joc");
descoberts.add("mus");
descoberts.add("catan");
descoberts.add("escacs");
descoberts.add("pingpong");
descoberts.add("rouritos");
descoberts.add("menjar");
descoberts.add("lomoqueso");
descoberts.add("croissant");
descoberts.add("tupper");
descoberts.add("temaso");
descoberts.add("volum");
descoberts.add("discurs");
descoberts.add("jordibosch");
descoberts.add("ambulancia");
descoberts.add("burro");
descoberts.add("pepino");
descoberts.add("biblio");
descoberts.add("marcesquerra");
descoberts.add("pikipiki");
descoberts.add("team");
descoberts.add("llops");
descoberts.add("trivial");
descoberts.add("assemblea");
descoberts.add("andreuboix");
descoberts.add("alexaibar");
descoberts.add("arnauprats");
descoberts.add("plattrencat");
descoberts.add("bolera");
descoberts.add("io");
descoberts.add("danivilardell");
descoberts.add("baixet");
descoberts.add("");
