descobertsRecipes.add("alcohol-fme");
descobertsRecipes.add("mates-mates");
descobertsRecipes.add("cuqui-mates");
descobertsRecipes.add("birres-salseo");
descobertsRecipes.add("drama-salseo");
descobertsRecipes.add("fme-salseo");
descobertsRecipes.add("amor-ivetacosta");
descobertsRecipes.add("drama-ivetacosta");
descobertsRecipes.add("amor-rafahhajjar");
descobertsRecipes.add("alcohol-alcohol");
descobertsRecipes.add("fme-fme");
descobertsRecipes.add("fme-mates");
descobertsRecipes.add("birres-fme");
descobertsRecipes.add("festa-salseo");
descobertsRecipes.add("mates-upc");
descobertsRecipes.add("alcohol-festa");
descobertsRecipes.add("fme-upc");
descobertsRecipes.add("profe-salseo");
descobertsRecipes.add("drama-profe");
descobertsRecipes.add("potar-terrassa");
descobertsRecipes.add("novatos-terrassa");
descobertsRecipes.add("barsanjuan-cuqui");
descobertsRecipes.add("alcohol-barsanjuan");
descobertsRecipes.add("cfis-cuqui");
descobertsRecipes.add("dele-salseo");
descobertsRecipes.add("dele-festa");
descobertsRecipes.add("cfis-profe");
descobertsRecipes.add("drama-examen");
descobertsRecipes.add("cuqui-dele");
descobertsRecipes.add("lio-lio");
descobertsRecipes.add("cuqui-rafahhajjar");
descobertsRecipes.add("rafahhajjar-rafahhajjar");
descobertsRecipes.add("ressaca-sortida");
descobertsRecipes.add("cfis-recu");
descobertsRecipes.add("mates-novatos");
descobertsRecipes.add("drama-pelea");
descobertsRecipes.add("pelea-samucapellas");
descobertsRecipes.add("alcohol-samucapellas");
descobertsRecipes.add("dormir-mates");
descobertsRecipes.add("alcohol-guapo");
descobertsRecipes.add("dormir-fme");
descobertsRecipes.add("erikferrando-sortida");
descobertsRecipes.add("mates-segon");
descobertsRecipes.add("salseo-segon");
descobertsRecipes.add("cuqui-odi");
descobertsRecipes.add("guapo-guapo");
descobertsRecipes.add("dormir-terrassa");
descobertsRecipes.add("barsanjuan-tiracanyes");
descobertsRecipes.add("drama-tiracanyes");
descobertsRecipes.add("brisca-tercer");
descobertsRecipes.add("secta-segon");
descobertsRecipes.add("gespeta-sortida");
descobertsRecipes.add("mates-tercer");
descobertsRecipes.add("salseo-tercer");
descobertsRecipes.add("borde-dele");
descobertsRecipes.add("borde-brisca");
descobertsRecipes.add("gespeta-gespeta");
descobertsRecipes.add("brisca-salseo");
descobertsRecipes.add("brisca-cuqui");
descobertsRecipes.add("brisca-lio");
descobertsRecipes.add("elegant-festa");
descobertsRecipes.add("brisca-elegant");
descobertsRecipes.add("edusimon-ivetacosta");
descobertsRecipes.add("lauraarribas-novatos");
descobertsRecipes.add("frisbee-frisbee");
descobertsRecipes.add("mates-quart");
descobertsRecipes.add("cuqui-secta");
descobertsRecipes.add("borde-secta");
descobertsRecipes.add("novatos-porros");
descobertsRecipes.add("festa-lauraarribas");
descobertsRecipes.add("porros-porros");
descobertsRecipes.add("amor-porros");
descobertsRecipes.add("risas-secta");
descobertsRecipes.add("frisbee-risas");
descobertsRecipes.add("cuqui-quart");
descobertsRecipes.add("festadenadal-salseo");
descobertsRecipes.add("festadenadal-risas");
descobertsRecipes.add("elegant-quart");
descobertsRecipes.add("cuqui-elegant");
descobertsRecipes.add("cinque-segon");
descobertsRecipes.add("esport-fme");
descobertsRecipes.add("einstein-picatrencada");
descobertsRecipes.add("amor-perrofla");
descobertsRecipes.add("irenecusine-jordicondom");
descobertsRecipes.add("brisca-premi");
descobertsRecipes.add("javilopezcontreras-pelea");
descobertsRecipes.add("javilopezcontreras-profe");
descobertsRecipes.add("cefme-gespeta");
descobertsRecipes.add("erikferrando-javilopezcontreras");
descobertsRecipes.add("cuqui-profe");
descobertsRecipes.add("barsanjuan-ivetacosta");
descobertsRecipes.add("mates-roura");
descobertsRecipes.add("marionasanchez-salseo");
descobertsRecipes.add("alcohol-dele");
descobertsRecipes.add("cuqui-info");
descobertsRecipes.add("carlotacorrales-dunatomas");
descobertsRecipes.add("albertjimenez-ivetacosta");
descobertsRecipes.add("lauraarribas-odi");
descobertsRecipes.add("baixet-ivetacosta");
descobertsRecipes.add("baixet-novatos");
descobertsRecipes.add("alcohol-secta");
descobertsRecipes.add("profe-risas");
descobertsRecipes.add("examen-risas");
descobertsRecipes.add("jocdalgorismia-secta");
descobertsRecipes.add("mates-risas");
descobertsRecipes.add("novatos-premi");
descobertsRecipes.add("novatorevelacio-tercer");
descobertsRecipes.add("elegant-secta");
descobertsRecipes.add("novatos-salseo");
descobertsRecipes.add("novatorevelacio-segon");
descobertsRecipes.add("novatorevelacio-novatos");
descobertsRecipes.add("novatorevelacio-quart");
descobertsRecipes.add("drama-mates");
descobertsRecipes.add("festa-novatos");
descobertsRecipes.add("festa-recu");
descobertsRecipes.add("cuqui-festa");
descobertsRecipes.add("festahawaiana-jaumefranch");
descobertsRecipes.add("festa-gespeta");
descobertsRecipes.add("porros-risas");
descobertsRecipes.add("numerica-profe");
descobertsRecipes.add("edps-profe");
descobertsRecipes.add("amor-amor");
descobertsRecipes.add("brisca-pacs");
descobertsRecipes.add("recu-recu");
descobertsRecipes.add("mates-tonto");
descobertsRecipes.add("brisca-dades");
descobertsRecipes.add("brisca-risas");
descobertsRecipes.add("dades-secta");
descobertsRecipes.add("andreuhuguet-sortida");
descobertsRecipes.add("andreuhuguet-leonsito");
descobertsRecipes.add("elegant-pibuti");
descobertsRecipes.add("dele-dele");
descobertsRecipes.add("cuqui-ivetacosta");
descobertsRecipes.add("novatos-risas");
descobertsRecipes.add("joc-novatos");
descobertsRecipes.add("festadenovatos-salseo");
descobertsRecipes.add("gabrialujas-sortida");
descobertsRecipes.add("lauraarribas-risas");
descobertsRecipes.add("fmemes00-novatos");
descobertsRecipes.add("fmemes00-tercer");
descobertsRecipes.add("festa-tercer");
descobertsRecipes.add("festa-upc");
descobertsRecipes.add("cfis-profe");
descobertsRecipes.add("examen-jordicivit");
descobertsRecipes.add("examen-ivetacosta");
descobertsRecipes.add("edupena-examen");
descobertsRecipes.add("cinque-mates");
descobertsRecipes.add("dele-iaio");
descobertsRecipes.add("drama-risas");
descobertsRecipes.add("cuqui-teatrefme");
descobertsRecipes.add("festa-teatrefme");
descobertsRecipes.add("tonto-tonto");
descobertsRecipes.add("terrassa-tonto");
descobertsRecipes.add("palomo-segon");
descobertsRecipes.add("palomo-tercer");
descobertsRecipes.add("palomo-quart");
descobertsRecipes.add("dormir-lavabocfis");
descobertsRecipes.add("cuqui-novatos");
descobertsRecipes.add("novatos-novatos");
descobertsRecipes.add("segon-segon");
descobertsRecipes.add("tercer-tercer");
descobertsRecipes.add("quart-quart");
descobertsRecipes.add("cfis-salseo");
descobertsRecipes.add("lauraarribas-lavabocfis");
descobertsRecipes.add("festa-picatrencada");
descobertsRecipes.add("festa-festa");
descobertsRecipes.add("fme-tonto");
descobertsRecipes.add("cfis-iaio");
descobertsRecipes.add("info-risas");
descobertsRecipes.add("amor-andreuhuguet");
descobertsRecipes.add("drama-tiracanyes");
descobertsRecipes.add("cinque-cobra");
descobertsRecipes.add("quart-tercer");
descobertsRecipes.add("drama-lio");
descobertsRecipes.add("secta-secta");
descobertsRecipes.add("risas-risas");
descobertsRecipes.add("barsanjuan-joc");
descobertsRecipes.add("cfis-joc");
descobertsRecipes.add("dele-joc");
descobertsRecipes.add("edgarmoreno-jaumefranch");
descobertsRecipes.add("dele-esport");
descobertsRecipes.add("info-joc");
descobertsRecipes.add("cfis-roura");
descobertsRecipes.add("cfis-rouritos");
descobertsRecipes.add("luisdelbar-menjar");
descobertsRecipes.add("menjar-rubendelbar");
descobertsRecipes.add("barsanjuan-menjar");
descobertsRecipes.add("brisca-escacs");
descobertsRecipes.add("andreuhuguet-samucapellas");
descobertsRecipes.add("festa-temaso");
descobertsRecipes.add("secta-volum");
descobertsRecipes.add("danimunoz-volum");
descobertsRecipes.add("novatos-temaso");
descobertsRecipes.add("cinque-risas");
descobertsRecipes.add("alcohol-janafarran");
descobertsRecipes.add("jordicondom-tonto");
descobertsRecipes.add("rosa-secta");
descobertsRecipes.add("albertjimenez-tonto");
descobertsRecipes.add("cadenaderoba-secta");
descobertsRecipes.add("examen-examen");
descobertsRecipes.add("biblio-brisca");
descobertsRecipes.add("cinque-dormir");
descobertsRecipes.add("festa-menjar");
descobertsRecipes.add("fme-risas");
descobertsRecipes.add("iaio-pikipiki");
descobertsRecipes.add("info-secta");
descobertsRecipes.add("festagran-gespeta");
descobertsRecipes.add("gespeta-joc");
descobertsRecipes.add("fme-joc");
descobertsRecipes.add("mariaprat-mortissim");
descobertsRecipes.add("javilopezcontreras-mortissim");
descobertsRecipes.add("marionasanchez-mortissim");
descobertsRecipes.add("mortissim-xino");
descobertsRecipes.add("davidariza-mortissim");
descobertsRecipes.add("amaliasimon-mortissim");
descobertsRecipes.add("marcesquerra-mortissim");
descobertsRecipes.add("mortissim-verapujadas");
descobertsRecipes.add("albertgimo-mortissim");
descobertsRecipes.add("lauraarribas-mortissim");
descobertsRecipes.add("dunatomas-mortissim");
descobertsRecipes.add("edupena-mortissim");
descobertsRecipes.add("edgarmoreno-mortissim");
descobertsRecipes.add("mortissim-silviagarcia");
descobertsRecipes.add("danivilardell-mortissim");
descobertsRecipes.add("amandasanjuan-mortissim");
descobertsRecipes.add("maxruiz-mortissim");
descobertsRecipes.add("carlotagracia-mortissim");
descobertsRecipes.add("jordibosch-mortissim");
descobertsRecipes.add("martinacolas-mortissim");
descobertsRecipes.add("fme-perrofla");
descobertsRecipes.add("assemblea-novatos");
descobertsRecipes.add("examen-np");
descobertsRecipes.add("conjuntbuit-festa");
descobertsRecipes.add("conjuntbuit-joc");
descobertsRecipes.add("iaio-pingpong");
descobertsRecipes.add("brisca-pingpong");
descobertsRecipes.add("carlotacorrales-k9");
descobertsRecipes.add("jordicivit-k9");
descobertsRecipes.add("k9-xino");
descobertsRecipes.add("davidariza-k9");
descobertsRecipes.add("birres-novatades");
descobertsRecipes.add("festa-novatades");
descobertsRecipes.add("estadistics-gespeta");
descobertsRecipes.add("cinque-graf");
descobertsRecipes.add("martinacolas-novatos");
descobertsRecipes.add("andreuboix-josepfontana");
descobertsRecipes.add("birres-brisca");
descobertsRecipes.add("brisca-lomoqueso");
descobertsRecipes.add("laiapomar-olgamartinez");
descobertsRecipes.add("festa-lamari");
descobertsRecipes.add("catan-quart");
descobertsRecipes.add("rubendelbar-tupper");
descobertsRecipes.add("enaitzquilez-sortida");
descobertsRecipes.add("erikferrando-xino");
descobertsRecipes.add("annafelip-plattrencat");
descobertsRecipes.add("cfis-edusimon");
descobertsRecipes.add("jordicivit-novatos");
descobertsRecipes.add("novatos-numerica");
descobertsRecipes.add("joc-numerica");
descobertsRecipes.add("festahawaiana-premi");
descobertsRecipes.add("cubatada-ivetacosta");
descobertsRecipes.add("ainaazkargorta-lio");
descobertsRecipes.add("alexaibar-amor");
descobertsRecipes.add("heredia-maripaz");
